Base path: 'C:/Program Files/Unity/Hub/Editor/2019.2.10f1/Editor/Data', plugins path 'C:/Program Files/Unity/Hub/Editor/2019.2.10f1/Editor/Data/PlaybackEngines'
Cmd: initializeCompiler
Cmd: compileSnippet
  api=4 type=1 insize=915 outsize=7106 kw=UNITY_PASS_META EDITOR_VISUALIZATION pd=UNITY_ENABLE_REFLECTION_BUFFERS UNITY_USE_DITHER_MASK_FOR_ALPHABLENDED_SHADOWS UNITY_PBS_USE_BRDF1 UNITY_SPECCUBE_BOX_PROJECTION UNITY_SPECCUBE_BLENDING UNITY_ENABLE_DETAIL_NORMALMAP SHADER_API_DESKTOP UNITY_LIGHT_PROBE_PROXY_VOLUME UNITY_LIGHTMAP_FULL_HDR ok=1
Cmd: disassembleShader
  api=4 insize=2650 outsize=4323 ok=1
Cmd: disassembleShader
  api=4 insize=7402 outsize=10354 ok=1
Cmd: disassembleShader
  api=4 insize=1938 outsize=3437 ok=1
Cmd: disassembleShader
  api=4 insize=4194 outsize=6173 ok=1
Cmd: disassembleShader
  api=4 insize=6310 outsize=9027 ok=1
Cmd: disassembleShader
  api=4 insize=3074 outsize=4859 ok=1
Cmd: disassembleShader
  api=4 insize=1994 outsize=3494 ok=1
Cmd: disassembleShader
  api=4 insize=2334 outsize=4097 ok=1
Cmd: disassembleShader
  api=4 insize=2174 outsize=3714 ok=1
Cmd: disassembleShader
  api=4 insize=218 outsize=660 ok=1
